[2024-04-08 10:56:35,906: INFO: demo: Welcome to log]
[2024-04-08 15:49:45,311: INFO: demo: Welcome to log]
[2024-04-08 15:52:04,159: INFO: demo: Welcome to log]
[2024-04-15 16:08:38,455: INFO: main: >>>>>> stage Data Ingestion stage started <<<<<<]
[2024-04-15 16:08:38,462: INFO: common: yaml file: config\config.yaml loaded successfully]
[2024-04-15 16:08:38,981: INFO: common: yaml file: params.yaml loaded successfully]
[2024-04-15 16:08:39,109: INFO: common: created directory at: artifacts]
[2024-04-15 16:08:39,114: INFO: common: created directory at: artifacts/data_ingestion]
[2024-04-15 16:08:39,119: INFO: data_ingestion: Downloading data from https://drive.google.com/file/d/1z0mreUtRmR-P-magILsDR3T7M6IkGXtY/view?usp=sharing into file artifacts/data_ingestion/data.zip]
[2024-04-15 16:09:08,582: INFO: data_ingestion: Downloaded data from https://drive.google.com/file/d/1z0mreUtRmR-P-magILsDR3T7M6IkGXtY/view?usp=sharing into file artifacts/data_ingestion/data.zip]
[2024-04-15 16:09:09,579: INFO: main: >>>>>> stage Data Ingestion stage completed <<<<<<

x==========x]
[2024-04-15 16:09:09,581: INFO: main: *******************]
[2024-04-15 16:09:09,584: INFO: main: >>>>>> stage Prepare base model started <<<<<<]
[2024-04-15 16:09:09,596: INFO: common: yaml file: config\config.yaml loaded successfully]
[2024-04-15 16:09:09,611: INFO: common: yaml file: params.yaml loaded successfully]
[2024-04-15 16:09:09,615: INFO: common: created directory at: artifacts]
[2024-04-15 16:09:09,621: INFO: common: created directory at: artifacts/prepare_base_model]
[2024-04-15 16:10:01,621: WARNING: saving_utils: Compiled the loaded model, but the compiled metrics have yet to be built. `model.compile_metrics` will be empty until you train or evaluate the model.]
[2024-04-15 16:10:02,645: INFO: main: >>>>>> stage Prepare base model completed <<<<<<

x==========x]
